<?xml version="1.0" encoding="UTF-8"?>
<testng-results skipped="0" failed="0" ignored="0" total="1" passed="1">
  <reporter-output>
  </reporter-output>
  <suite name="Default suite" duration-ms="21314" started-at="2022-03-25T05:00:51 ART" finished-at="2022-03-25T05:01:13 ART">
    <groups>
    </groups>
    <test name="Default test" duration-ms="21314" started-at="2022-03-25T05:00:51 ART" finished-at="2022-03-25T05:01:13 ART">
      <class name="tests.Paquetes">
        <test-method status="PASS" signature="setUp()[pri:0, instance:tests.Paquetes@4f89331f]" name="setUp" is-config="true" duration-ms="13834" started-at="2022-03-25T05:00:51 ART" finished-at="2022-03-25T05:01:05 ART">
          <reporter-output>
          </reporter-output>
        </test-method> <!-- setUp -->
        <test-method status="PASS" signature="pruebaTres()[pri:0, instance:tests.Paquetes@4f89331f]" name="pruebaTres" duration-ms="6987" started-at="2022-03-25T05:01:05 ART" finished-at="2022-03-25T05:01:12 ART">
          <reporter-output>
          </reporter-output>
        </test-method> <!-- pruebaTres -->
        <test-method status="PASS" signature="tearDown()[pri:0, instance:tests.Paquetes@4f89331f]" name="tearDown" is-config="true" duration-ms="317" started-at="2022-03-25T05:01:12 ART" finished-at="2022-03-25T05:01:13 ART">
          <reporter-output>
          </reporter-output>
        </test-method> <!-- tearDown -->
      </class> <!-- tests.Paquetes -->
    </test> <!-- Default test -->
  </suite> <!-- Default suite -->
</testng-results>
